c:\users\usuario\downloads\algoritmo de dijkstra\algoritmo de dijkstra\debug\algoritmo de dijkstra.pch
c:\users\usuario\downloads\algoritmo de dijkstra\algoritmo de dijkstra\debug\vc143.pdb
c:\users\usuario\downloads\algoritmo de dijkstra\algoritmo de dijkstra\debug\pch.obj
c:\users\usuario\downloads\algoritmo de dijkstra\algoritmo de dijkstra\debug\assemblyinfo.obj
c:\users\usuario\downloads\algoritmo de dijkstra\algoritmo de dijkstra\debug\algoritmo de dijkstra.obj
c:\users\usuario\downloads\algoritmo de dijkstra\algoritmo de dijkstra\debug\.netframework,version=v4.7.2.assemblyattributes.obj
c:\users\usuario\downloads\algoritmo de dijkstra\debug\algoritmo de dijkstra.exe
c:\users\usuario\downloads\algoritmo de dijkstra\debug\algoritmo de dijkstra.pdb
c:\users\usuario\downloads\algoritmo de dijkstra\algoritmo de dijkstra\debug\app.res
c:\users\fuego\onedrive\escritorio\luciano\algoritmo de dijkstra\algoritmo de dijkstra\debug\algoritmo de dijkstra.vcxproj.assemblyreference.cache
c:\users\fuego\onedrive\escritorio\luciano\algoritmo de dijkstra\algoritmo de dijkstra\debug\algoritmo de dijkstra.vcxproj.suggestedbindingredirects.cache
c:\users\fuego\onedrive\escritorio\luciano\algoritmo de dijkstra\algoritmo de dijkstra\debug\.netframework,version=v4.7.2.assemblyattributes.obj
c:\users\fuego\onedrive\escritorio\luciano\algoritmo de dijkstra\algoritmo de dijkstra\debug\algoritmo de dijkstra.obj
c:\users\fuego\onedrive\escritorio\luciano\algoritmo de dijkstra\algoritmo de dijkstra\debug\assemblyinfo.obj
c:\users\fuego\onedrive\escritorio\luciano\algoritmo de dijkstra\algoritmo de dijkstra\debug\pch.obj
c:\users\fuego\onedrive\escritorio\luciano\algoritmo de dijkstra\algoritmo de dijkstra\debug\app.res
c:\users\fuego\onedrive\escritorio\luciano\algoritmo de dijkstra\algoritmo de dijkstra\debug\algoritmo de dijkstra.pch
c:\users\fuego\onedrive\escritorio\luciano\algoritmo de dijkstra\algoritmo de dijkstra\debug\vc142.pdb
c:\users\fuego\onedrive\escritorio\luciano\algoritmo de dijkstra\algoritmo de dijkstra\debug\vc143.pdb
c:\users\fuego\onedrive\escritorio\luciano\algoritmo de dijkstra\debug\algoritmo de dijkstra.pdb
c:\users\fuego\onedrive\escritorio\luciano\algoritmo de dijkstra\debug\algoritmo de dijkstra.exe
c:\users\fuego\onedrive\escritorio\luciano\algoritmo de dijkstra\algoritmo de dijkstra\debug\algoritm.616e982f.tlog\cl.command.1.tlog
c:\users\fuego\onedrive\escritorio\luciano\algoritmo de dijkstra\algoritmo de dijkstra\debug\algoritm.616e982f.tlog\cl.read.1.tlog
c:\users\fuego\onedrive\escritorio\luciano\algoritmo de dijkstra\algoritmo de dijkstra\debug\algoritm.616e982f.tlog\cl.write.1.tlog
c:\users\fuego\onedrive\escritorio\luciano\algoritmo de dijkstra\algoritmo de dijkstra\debug\algoritm.616e982f.tlog\link.command.1.tlog
c:\users\fuego\onedrive\escritorio\luciano\algoritmo de dijkstra\algoritmo de dijkstra\debug\algoritm.616e982f.tlog\link.read.1.tlog
c:\users\fuego\onedrive\escritorio\luciano\algoritmo de dijkstra\algoritmo de dijkstra\debug\algoritm.616e982f.tlog\link.write.1.tlog
c:\users\fuego\onedrive\escritorio\luciano\algoritmo de dijkstra\algoritmo de dijkstra\debug\algoritm.616e982f.tlog\metagen.read.1.tlog
c:\users\fuego\onedrive\escritorio\luciano\algoritmo de dijkstra\algoritmo de dijkstra\debug\algoritm.616e982f.tlog\metagen.write.1.tlog
c:\users\fuego\onedrive\escritorio\luciano\algoritmo de dijkstra\algoritmo de dijkstra\debug\algoritm.616e982f.tlog\rc.command.1.tlog
c:\users\fuego\onedrive\escritorio\luciano\algoritmo de dijkstra\algoritmo de dijkstra\debug\algoritm.616e982f.tlog\rc.read.1.tlog
c:\users\fuego\onedrive\escritorio\luciano\algoritmo de dijkstra\algoritmo de dijkstra\debug\algoritm.616e982f.tlog\rc.write.1.tlog
